<?xml version="1.0" encoding="UTF-8"?>
<!--
	Copyright (c) 2013 Marco Merli <yohji@marcomerli.net>
	
	This program is free software; you can redistribute it and/or modify
	it under the terms of the GNU General Public License as published by
	the Free Software Foundation; either version 2 of the License, or
	(at your option) any later version.
	
	This program is distributed in the hope that it will be useful,
	but WITHOUT ANY WARRANTY; without even the implied warranty of
	MERCHANTABILITY or FITNESS FOR A PARTICULAR PURPOSE.  See the
	GNU General Public License for more details.
	
	You should have received a copy of the GNU General Public License
	along with this program; if not, write to the Free Software Foundation,
	Inc., 51 Franklin Street, Fifth Floor, Boston, MA 02110-1301 USA.
-->

<persistence version="2.0"
   xmlns="http://java.sun.com/xml/ns/persistence" xmlns:xsi="http://www.w3.org/2001/XMLSchema-instance"
   xsi:schemaLocation="
        http://java.sun.com/xml/ns/persistence
        http://java.sun.com/xml/ns/persistence/persistence_2_0.xsd">
   <persistence-unit name="primary">
      <!-- We use a different datasource for tests, so as to not overwrite 
         production data. This is an unmanaged data source, backed by H2, an in memory 
         database. Production applications should use a managed datasource. -->
      <!-- The datasource is deployed as WEB-INF/test-ds.xml, 
         you can find it in the source at src/test/resources/test-ds.xml -->
      <jta-data-source>java:jboss/datasources/eaTestDS</jta-data-source>
      <properties>
         <!-- Properties for Hibernate -->
         <property name="hibernate.hbm2ddl.auto" value="create-drop" />
         <property name="hibernate.show_sql" value="false" />
      </properties>
   </persistence-unit>
</persistence>
