<?xml version="1.0" encoding="UTF-8"?>
<!--
	Copyright (c) 2013 Marco Merli <yohji@marcomerli.net>
	
	This program is free software; you can redistribute it and/or modify
	it under the terms of the GNU General Public License as published by
	the Free Software Foundation; either version 2 of the License, or
	(at your option) any later version.
	
	This program is distributed in the hope that it will be useful,
	but WITHOUT ANY WARRANTY; without even the implied warranty of
	MERCHANTABILITY or FITNESS FOR A PARTICULAR PURPOSE.  See the
	GNU General Public License for more details.
	
	You should have received a copy of the GNU General Public License
	along with this program; if not, write to the Free Software Foundation,
	Inc., 51 Franklin Street, Fifth Floor, Boston, MA 02110-1301 USA.
-->

<datasources xmlns="http://www.jboss.org/ironjacamar/schema"
   xmlns:xsi="http://www.w3.org/2001/XMLSchema-instance"
   xsi:schemaLocation="http://www.jboss.org/ironjacamar/schema http://docs.jboss.org/ironjacamar/schema/datasources_1_0.xsd">
   <!-- The datasource is bound into JNDI at this location. We reference 
      this in META-INF/test-persistence.xml -->
   <datasource jndi-name="java:jboss/datasources/eaTestDS"
      pool-name="ea-test" enabled="true"
      use-java-context="true">
      <connection-url>jdbc:h2:mem:ea-test;DB_CLOSE_DELAY=-1</connection-url>
      <driver>h2</driver>
      <security>
         <user-name>sa</user-name>
         <password>sa</password>
      </security>
   </datasource>
</datasources>
 
